==6308== Memcheck, a memory error detector
==6308== Copyright (C) 2002-2017, and GNU GPL'd, by Julian Seward et al.
==6308== Using Valgrind-3.13.0 and LibVEX; rerun with -h for copyright info
==6308== Command: /rhome/d/dkopic1/workspace/ASP/PZ6/Z1/.runme
==6308== Parent PID: 6290
==6308== 
==6308== 
==6308== HEAP SUMMARY:
==6308==     in use at exit: 40 bytes in 1 blocks
==6308==   total heap usage: 20 allocs, 19 frees, 108,880 bytes allocated
==6308== 
==6308== 40 bytes in 1 blocks are definitely lost in loss record 1 of 1
==6308==    at 0x4C3089F: operator new[](unsigned long) (in /usr/lib/valgrind/vgpreload_memcheck-amd64-linux.so)
==6308==    by 0x109590: ucitaj(std::__cxx11::basic_string<char, std::char_traits<char>, std::allocator<char> >, int*&, int&) (main.cpp:112)
==6308==    by 0x1097F5: program(std::__cxx11::basic_string<char, std::char_traits<char>, std::allocator<char> >, int) (main.cpp:131)
==6308==    by 0x109BEE: main (main.cpp:171)
==6308== 
==6308== LEAK SUMMARY:
==6308==    definitely lost: 40 bytes in 1 blocks
==6308==    indirectly lost: 0 bytes in 0 blocks
==6308==      possibly lost: 0 bytes in 0 blocks
==6308==    still reachable: 0 bytes in 0 blocks
==6308==         suppressed: 0 bytes in 0 blocks
==6308== 
==6308== For counts of detected and suppressed errors, rerun with: -v
==6308== ERROR SUMMARY: 1 errors from 1 contexts (suppressed: 0 from 0)
