[New LWP 30431]
Core was generated by `'.
Program terminated with signal SIGSEGV, Segmentation fault.
#0  0x0000000000109f80 in ?? ()
#0  0x0000000000109f80 in ?? ()
#1  0x000000000030bbd0 in ?? ()
#2  0x0000000005d7fce0 in ?? ()
#3  0x0000000005d7fc80 in ?? ()
#4  0x0000000005d7fc80 in ?? ()
#5  0x0000001f00000005 in ?? ()
#6  0x0000000000000001 in ?? ()
#7  0x000000000030bbd0 in ?? ()
#8  0x0000000005d7fe60 in ?? ()
#9  0x0000000005d7ffe0 in ?? ()
#10 0x000001bf0000ffff in ?? ()
#11 0x0000000000000005 in ?? ()
#12 0x000000010000ffff in ?? ()
#13 0x0000001f00000006 in ?? ()
#14 0x000000000010a0fe in ?? ()
#15 0x0000000000000002 in ?? ()
#16 0x000000000010abcd in ?? ()
#17 0x00000000040109a0 in ?? ()
#18 0x832220559f6d2000 in ?? ()
#19 0x000000000010ab80 in ?? ()
#20 0x0000000000000000 in ?? ()
